
[36m___________________________________________  
	Username: john.doe@gmail.com           
	Login type: login
___________________________________________  
[0m
Failed execute task
:deploy FAILED

FAILURE: Build failed with an exception.

* What went wrong:
Execution failed for task ':deploy'.
> Invalid username, password, security token; or user locked out.

* Try:
Run with --stacktrace option to get the stack trace. Run with --info or --debug option to get more log output.

BUILD FAILED

Total time: 6.794 secs
